2021-12-01 14:09:36 [scrapy.utils.log] INFO: Scrapy 2.5.1 started (bot: dbtop250)
2021-12-01 14:09:36 [scrapy.utils.log] INFO: Versions: lxml 4.6.3.0, libxml2 2.9.5, cssselect 1.1.0, parsel 1.6.0, w3lib 1.22.0, Twisted 21.7.0, Python 3.9.7 (tags/v3.9.7:1016ef3, Aug 30 2021, 20:19:38) [MSC v.1929 64 bit (AMD64)], pyOpenSSL 21.0.0 (OpenSSL 1.1.1l  24 Aug 2021), cryptography 35.0.0, Platform Windows-10-10.0.22000-SP0
2021-12-01 14:09:36 [scrapy.utils.log] DEBUG: Using reactor: twisted.internet.selectreactor.SelectReactor
2021-12-01 14:09:36 [scrapy.crawler] INFO: Overridden settings:
{'BOT_NAME': 'dbtop250',
 'LOG_FILE': 'all.log',
 'NEWSPIDER_MODULE': 'dbtop250.spiders',
 'ROBOTSTXT_OBEY': True,
 'SPIDER_MODULES': ['dbtop250.spiders']}
2021-12-01 14:09:36 [scrapy.extensions.telnet] INFO: Telnet Password: b32bbe2b175f93b5
2021-12-01 14:09:36 [scrapy.middleware] INFO: Enabled extensions:
['scrapy.extensions.corestats.CoreStats',
 'scrapy.extensions.telnet.TelnetConsole',
 'scrapy.extensions.logstats.LogStats']
2021-12-01 14:09:36 [scrapy.middleware] INFO: Enabled downloader middlewares:
['scrapy.downloadermiddlewares.robotstxt.RobotsTxtMiddleware',
 'scrapy.downloadermiddlewares.httpauth.HttpAuthMiddleware',
 'scrapy.downloadermiddlewares.downloadtimeout.DownloadTimeoutMiddleware',
 'scrapy.downloadermiddlewares.defaultheaders.DefaultHeadersMiddleware',
 'scrapy.downloadermiddlewares.useragent.UserAgentMiddleware',
 'dbtop250.middlewares.Dbtop250DownloaderMiddleware',
 'scrapy.downloadermiddlewares.retry.RetryMiddleware',
 'scrapy.downloadermiddlewares.redirect.MetaRefreshMiddleware',
 'scrapy.downloadermiddlewares.httpcompression.HttpCompressionMiddleware',
 'scrapy.downloadermiddlewares.redirect.RedirectMiddleware',
 'scrapy.downloadermiddlewares.cookies.CookiesMiddleware',
 'scrapy.downloadermiddlewares.httpproxy.HttpProxyMiddleware',
 'scrapy.downloadermiddlewares.stats.DownloaderStats']
2021-12-01 14:09:36 [scrapy.middleware] INFO: Enabled spider middlewares:
['scrapy.spidermiddlewares.httperror.HttpErrorMiddleware',
 'scrapy.spidermiddlewares.offsite.OffsiteMiddleware',
 'scrapy.spidermiddlewares.referer.RefererMiddleware',
 'scrapy.spidermiddlewares.urllength.UrlLengthMiddleware',
 'scrapy.spidermiddlewares.depth.DepthMiddleware']
2021-12-01 14:09:36 [scrapy.middleware] INFO: Enabled item pipelines:
[]
2021-12-01 14:09:36 [scrapy.core.engine] INFO: Spider opened
2021-12-01 14:09:36 [scrapy.extensions.logstats] INFO: Crawled 0 pages (at 0 pages/min), scraped 0 items (at 0 items/min)
2021-12-01 14:09:36 [top250] INFO: Spider opened: top250
2021-12-01 14:09:36 [scrapy.extensions.telnet] INFO: Telnet console listening on 127.0.0.1:6023
2021-12-01 14:09:37 [scrapy.core.engine] DEBUG: Crawled (200) <GET https://book.douban.com/robots.txt> (referer: None)
2021-12-01 14:09:37 [scrapy.core.engine] DEBUG: Crawled (200) <GET https://book.douban.com/top250?start=0/> (referer: None)
2021-12-01 14:09:37 [scrapy.core.engine] INFO: Closing spider (finished)
2021-12-01 14:09:37 [scrapy.statscollectors] INFO: Dumping Scrapy stats:
{'downloader/request_bytes': 578,
 'downloader/request_count': 2,
 'downloader/request_method_count/GET': 2,
 'downloader/response_bytes': 10058,
 'downloader/response_count': 2,
 'downloader/response_status_count/200': 2,
 'elapsed_time_seconds': 0.645626,
 'finish_reason': 'finished',
 'finish_time': datetime.datetime(2021, 12, 1, 6, 9, 37, 395635),
 'httpcompression/response_bytes': 51213,
 'httpcompression/response_count': 2,
 'log_count/DEBUG': 2,
 'log_count/INFO': 11,
 'response_received_count': 2,
 'robotstxt/request_count': 1,
 'robotstxt/response_count': 1,
 'robotstxt/response_status_count/200': 1,
 'scheduler/dequeued': 1,
 'scheduler/dequeued/memory': 1,
 'scheduler/enqueued': 1,
 'scheduler/enqueued/memory': 1,
 'start_time': datetime.datetime(2021, 12, 1, 6, 9, 36, 750009)}
2021-12-01 14:09:37 [scrapy.core.engine] INFO: Spider closed (finished)
2021-12-01 14:12:21 [scrapy.utils.log] INFO: Scrapy 2.5.1 started (bot: dbtop250)
2021-12-01 14:12:21 [scrapy.utils.log] INFO: Versions: lxml 4.6.3.0, libxml2 2.9.5, cssselect 1.1.0, parsel 1.6.0, w3lib 1.22.0, Twisted 21.7.0, Python 3.9.7 (tags/v3.9.7:1016ef3, Aug 30 2021, 20:19:38) [MSC v.1929 64 bit (AMD64)], pyOpenSSL 21.0.0 (OpenSSL 1.1.1l  24 Aug 2021), cryptography 35.0.0, Platform Windows-10-10.0.22000-SP0
2021-12-01 14:12:21 [scrapy.utils.log] DEBUG: Using reactor: twisted.internet.selectreactor.SelectReactor
2021-12-01 14:12:21 [scrapy.crawler] INFO: Overridden settings:
{'BOT_NAME': 'dbtop250',
 'LOG_FILE': 'all.log',
 'NEWSPIDER_MODULE': 'dbtop250.spiders',
 'ROBOTSTXT_OBEY': True,
 'SPIDER_MODULES': ['dbtop250.spiders']}
2021-12-01 14:12:21 [scrapy.extensions.telnet] INFO: Telnet Password: 2104186dcd20d0c6
2021-12-01 14:12:21 [scrapy.middleware] INFO: Enabled extensions:
['scrapy.extensions.corestats.CoreStats',
 'scrapy.extensions.telnet.TelnetConsole',
 'scrapy.extensions.logstats.LogStats']
2021-12-01 14:12:21 [scrapy.middleware] INFO: Enabled downloader middlewares:
['scrapy.downloadermiddlewares.robotstxt.RobotsTxtMiddleware',
 'scrapy.downloadermiddlewares.httpauth.HttpAuthMiddleware',
 'scrapy.downloadermiddlewares.downloadtimeout.DownloadTimeoutMiddleware',
 'scrapy.downloadermiddlewares.defaultheaders.DefaultHeadersMiddleware',
 'scrapy.downloadermiddlewares.useragent.UserAgentMiddleware',
 'scrapy.downloadermiddlewares.retry.RetryMiddleware',
 'scrapy.downloadermiddlewares.redirect.MetaRefreshMiddleware',
 'scrapy.downloadermiddlewares.httpcompression.HttpCompressionMiddleware',
 'scrapy.downloadermiddlewares.redirect.RedirectMiddleware',
 'scrapy.downloadermiddlewares.cookies.CookiesMiddleware',
 'scrapy.downloadermiddlewares.httpproxy.HttpProxyMiddleware',
 'scrapy.downloadermiddlewares.stats.DownloaderStats']
2021-12-01 14:12:21 [scrapy.middleware] INFO: Enabled spider middlewares:
['scrapy.spidermiddlewares.httperror.HttpErrorMiddleware',
 'scrapy.spidermiddlewares.offsite.OffsiteMiddleware',
 'scrapy.spidermiddlewares.referer.RefererMiddleware',
 'scrapy.spidermiddlewares.urllength.UrlLengthMiddleware',
 'scrapy.spidermiddlewares.depth.DepthMiddleware']
2021-12-01 14:12:21 [scrapy.middleware] INFO: Enabled item pipelines:
[]
2021-12-01 14:12:21 [scrapy.core.engine] INFO: Spider opened
2021-12-01 14:12:21 [scrapy.extensions.logstats] INFO: Crawled 0 pages (at 0 pages/min), scraped 0 items (at 0 items/min)
2021-12-01 14:12:21 [scrapy.extensions.telnet] INFO: Telnet console listening on 127.0.0.1:6023
2021-12-01 14:12:21 [scrapy.core.engine] DEBUG: Crawled (403) <GET https://book.douban.com/robots.txt> (referer: None)
2021-12-01 14:12:21 [scrapy.core.engine] DEBUG: Crawled (403) <GET https://book.douban.com/top250?start=0/> (referer: None)
2021-12-01 14:12:22 [scrapy.spidermiddlewares.httperror] INFO: Ignoring response <403 https://book.douban.com/top250?start=0/>: HTTP status code is not handled or not allowed
2021-12-01 14:12:22 [scrapy.core.engine] INFO: Closing spider (finished)
2021-12-01 14:12:22 [scrapy.statscollectors] INFO: Dumping Scrapy stats:
{'downloader/request_bytes': 455,
 'downloader/request_count': 2,
 'downloader/request_method_count/GET': 2,
 'downloader/response_bytes': 618,
 'downloader/response_count': 2,
 'downloader/response_status_count/403': 2,
 'elapsed_time_seconds': 0.460404,
 'finish_reason': 'finished',
 'finish_time': datetime.datetime(2021, 12, 1, 6, 12, 22, 11217),
 'httpcompression/response_bytes': 292,
 'httpcompression/response_count': 2,
 'httperror/response_ignored_count': 1,
 'httperror/response_ignored_status_count/403': 1,
 'log_count/DEBUG': 2,
 'log_count/INFO': 11,
 'response_received_count': 2,
 'robotstxt/request_count': 1,
 'robotstxt/response_count': 1,
 'robotstxt/response_status_count/403': 1,
 'scheduler/dequeued': 1,
 'scheduler/dequeued/memory': 1,
 'scheduler/enqueued': 1,
 'scheduler/enqueued/memory': 1,
 'start_time': datetime.datetime(2021, 12, 1, 6, 12, 21, 550813)}
2021-12-01 14:12:22 [scrapy.core.engine] INFO: Spider closed (finished)
2021-12-01 14:12:39 [scrapy.utils.log] INFO: Scrapy 2.5.1 started (bot: dbtop250)
2021-12-01 14:12:39 [scrapy.utils.log] INFO: Versions: lxml 4.6.3.0, libxml2 2.9.5, cssselect 1.1.0, parsel 1.6.0, w3lib 1.22.0, Twisted 21.7.0, Python 3.9.7 (tags/v3.9.7:1016ef3, Aug 30 2021, 20:19:38) [MSC v.1929 64 bit (AMD64)], pyOpenSSL 21.0.0 (OpenSSL 1.1.1l  24 Aug 2021), cryptography 35.0.0, Platform Windows-10-10.0.22000-SP0
2021-12-01 14:12:39 [scrapy.utils.log] DEBUG: Using reactor: twisted.internet.selectreactor.SelectReactor
2021-12-01 14:12:39 [scrapy.crawler] INFO: Overridden settings:
{'BOT_NAME': 'dbtop250',
 'LOG_FILE': 'all.log',
 'NEWSPIDER_MODULE': 'dbtop250.spiders',
 'ROBOTSTXT_OBEY': True,
 'SPIDER_MODULES': ['dbtop250.spiders']}
2021-12-01 14:12:39 [scrapy.extensions.telnet] INFO: Telnet Password: 88661a0aa2a18ac0
2021-12-01 14:12:39 [scrapy.middleware] INFO: Enabled extensions:
['scrapy.extensions.corestats.CoreStats',
 'scrapy.extensions.telnet.TelnetConsole',
 'scrapy.extensions.logstats.LogStats']
2021-12-01 14:12:40 [scrapy.middleware] INFO: Enabled downloader middlewares:
['scrapy.downloadermiddlewares.robotstxt.RobotsTxtMiddleware',
 'scrapy.downloadermiddlewares.httpauth.HttpAuthMiddleware',
 'scrapy.downloadermiddlewares.downloadtimeout.DownloadTimeoutMiddleware',
 'scrapy.downloadermiddlewares.defaultheaders.DefaultHeadersMiddleware',
 'scrapy.downloadermiddlewares.useragent.UserAgentMiddleware',
 'dbtop250.middlewares.Dbtop250DownloaderMiddleware',
 'scrapy.downloadermiddlewares.retry.RetryMiddleware',
 'scrapy.downloadermiddlewares.redirect.MetaRefreshMiddleware',
 'scrapy.downloadermiddlewares.httpcompression.HttpCompressionMiddleware',
 'scrapy.downloadermiddlewares.redirect.RedirectMiddleware',
 'scrapy.downloadermiddlewares.cookies.CookiesMiddleware',
 'scrapy.downloadermiddlewares.httpproxy.HttpProxyMiddleware',
 'scrapy.downloadermiddlewares.stats.DownloaderStats']
2021-12-01 14:12:40 [scrapy.middleware] INFO: Enabled spider middlewares:
['scrapy.spidermiddlewares.httperror.HttpErrorMiddleware',
 'scrapy.spidermiddlewares.offsite.OffsiteMiddleware',
 'scrapy.spidermiddlewares.referer.RefererMiddleware',
 'scrapy.spidermiddlewares.urllength.UrlLengthMiddleware',
 'scrapy.spidermiddlewares.depth.DepthMiddleware']
2021-12-01 14:12:40 [scrapy.middleware] INFO: Enabled item pipelines:
[]
2021-12-01 14:12:40 [scrapy.core.engine] INFO: Spider opened
2021-12-01 14:12:40 [scrapy.extensions.logstats] INFO: Crawled 0 pages (at 0 pages/min), scraped 0 items (at 0 items/min)
2021-12-01 14:12:40 [top250] INFO: Spider opened: top250
2021-12-01 14:12:40 [scrapy.extensions.telnet] INFO: Telnet console listening on 127.0.0.1:6023
2021-12-01 14:12:40 [scrapy.core.engine] DEBUG: Crawled (200) <GET https://book.douban.com/robots.txt> (referer: None)
2021-12-01 14:12:40 [scrapy.core.engine] DEBUG: Crawled (200) <GET https://book.douban.com/top250?start=0/> (referer: None)
2021-12-01 14:12:40 [scrapy.core.engine] INFO: Closing spider (finished)
2021-12-01 14:12:40 [scrapy.statscollectors] INFO: Dumping Scrapy stats:
{'downloader/request_bytes': 586,
 'downloader/request_count': 2,
 'downloader/request_method_count/GET': 2,
 'downloader/response_bytes': 10054,
 'downloader/response_count': 2,
 'downloader/response_status_count/200': 2,
 'elapsed_time_seconds': 0.678868,
 'finish_reason': 'finished',
 'finish_time': datetime.datetime(2021, 12, 1, 6, 12, 40, 803520),
 'httpcompression/response_bytes': 51214,
 'httpcompression/response_count': 2,
 'log_count/DEBUG': 2,
 'log_count/INFO': 11,
 'response_received_count': 2,
 'robotstxt/request_count': 1,
 'robotstxt/response_count': 1,
 'robotstxt/response_status_count/200': 1,
 'scheduler/dequeued': 1,
 'scheduler/dequeued/memory': 1,
 'scheduler/enqueued': 1,
 'scheduler/enqueued/memory': 1,
 'start_time': datetime.datetime(2021, 12, 1, 6, 12, 40, 124652)}
2021-12-01 14:12:40 [scrapy.core.engine] INFO: Spider closed (finished)
